<?xml version="1.0" encoding="UTF-8"?>
<!-- Generated by org.testng.reporters.JUnitReportReporter -->
<testsuite skipped="0" hostname="DESKTOP-U33STF4" name="com.vn.VNDirect.RegisterTest" tests="62" failures="0" timestamp="2020-06-19T08:12:11 ICT" time="46.873" errors="3">
  <testcase name="test56" time="0.620" classname="com.vn.VNDirect.RegisterTest"/>
  <system-out/>
  <testcase name="test35" time="0.601" classname="com.vn.VNDirect.RegisterTest"/>
  <system-out/>
  <testcase name="test55" time="0.698" classname="com.vn.VNDirect.RegisterTest"/>
  <system-out/>
  <testcase name="test51" time="0.739" classname="com.vn.VNDirect.RegisterTest">
    <error type="org.openqa.selenium.NoSuchElementException" message="no such element: Unable to locate element: {&quot;method&quot;:&quot;xpath&quot;,&quot;selector&quot;:&quot;/html/body/div[1]/div/div[2]/div/div/form/div[2]/div/div[2]/div/div/div/span&quot;}
  (Session info: chrome=83.0.4103.106)
For documentation on this error, please visit: https://www.seleniumhq.org/exceptions/no_such_element.html
Build info: version: &#039;3.141.59&#039;, revision: &#039;e82be7d358&#039;, time: &#039;2018-11-14T08:17:03&#039;
System info: host: &#039;DESKTOP-U33STF4&#039;, ip: &#039;192.168.9.2&#039;, os.name: &#039;Windows 10&#039;, os.arch: &#039;amd64&#039;, os.version: &#039;10.0&#039;, java.version: &#039;1.8.0_212&#039;
Driver info: org.openqa.selenium.chrome.ChromeDriver
Capabilities {acceptInsecureCerts: false, browserName: chrome, browserVersion: 83.0.4103.106, chrome: {chromedriverVersion: 83.0.4103.39 (ccbf011cb2d2b..., userDataDir: C:\Users\SopenPC\AppData\Lo...}, goog:chromeOptions: {debuggerAddress: localhost:65233}, javascriptEnabled: true, networkConnectionEnabled: false, pageLoadStrategy: normal, platform: WINDOWS, platformName: WINDOWS, proxy: Proxy(), setWindowRect: true, strictFileInteractability: false, timeouts: {implicit: 0, pageLoad: 300000, script: 30000}, unhandledPromptBehavior: dismiss and notify, webauthn:virtualAuthenticators: true}
Session ID: 6bd8c83e513875187de2b2701a0d396b
*** Element info: {Using=xpath, value=/html/body/div[1]/div/div[2]/div/div/form/div[2]/div/div[2]/div/div/div/span}">
      <![CDATA[org.openqa.selenium.NoSuchElementException: no such element: Unable to locate element: {"method":"xpath","selector":"/html/body/div[1]/div/div[2]/div/div/form/div[2]/div/div[2]/div/div/div/span"}
  (Session info: chrome=83.0.4103.106)
For documentation on this error, please visit: https://www.seleniumhq.org/exceptions/no_such_element.html
Build info: version: '3.141.59', revision: 'e82be7d358', time: '2018-11-14T08:17:03'
System info: host: 'DESKTOP-U33STF4', ip: '192.168.9.2', os.name: 'Windows 10', os.arch: 'amd64', os.version: '10.0', java.version: '1.8.0_212'
Driver info: org.openqa.selenium.chrome.ChromeDriver
Capabilities {acceptInsecureCerts: false, browserName: chrome, browserVersion: 83.0.4103.106, chrome: {chromedriverVersion: 83.0.4103.39 (ccbf011cb2d2b..., userDataDir: C:\Users\SopenPC\AppData\Lo...}, goog:chromeOptions: {debuggerAddress: localhost:65233}, javascriptEnabled: true, networkConnectionEnabled: false, pageLoadStrategy: normal, platform: WINDOWS, platformName: WINDOWS, proxy: Proxy(), setWindowRect: true, strictFileInteractability: false, timeouts: {implicit: 0, pageLoad: 300000, script: 30000}, unhandledPromptBehavior: dismiss and notify, webauthn:virtualAuthenticators: true}
Session ID: 6bd8c83e513875187de2b2701a0d396b
*** Element info: {Using=xpath, value=/html/body/div[1]/div/div[2]/div/div/form/div[2]/div/div[2]/div/div/div/span}
at sun.reflect.NativeConstructorAccessorImpl.newInstance0(Native Method)
at sun.reflect.NativeConstructorAccessorImpl.newInstance(Unknown Source)
at sun.reflect.DelegatingConstructorAccessorImpl.newInstance(Unknown Source)
at java.lang.reflect.Constructor.newInstance(Unknown Source)
at org.openqa.selenium.remote.http.W3CHttpResponseCodec.createException(W3CHttpResponseCodec.java:187)
at org.openqa.selenium.remote.http.W3CHttpResponseCodec.decode(W3CHttpResponseCodec.java:122)
at org.openqa.selenium.remote.http.W3CHttpResponseCodec.decode(W3CHttpResponseCodec.java:49)
at org.openqa.selenium.remote.HttpCommandExecutor.execute(HttpCommandExecutor.java:158)
at org.openqa.selenium.remote.service.DriverCommandExecutor.execute(DriverCommandExecutor.java:83)
at org.openqa.selenium.remote.RemoteWebDriver.execute(RemoteWebDriver.java:552)
at org.openqa.selenium.remote.RemoteWebDriver.findElement(RemoteWebDriver.java:323)
at org.openqa.selenium.remote.RemoteWebDriver.findElementByXPath(RemoteWebDriver.java:428)
at org.openqa.selenium.By$ByXPath.findElement(By.java:353)
at org.openqa.selenium.remote.RemoteWebDriver.findElement(RemoteWebDriver.java:315)
at com.vn.VNDirect.RegisterTest.test51(RegisterTest.java:1208)
at sun.reflect.NativeMethodAccessorImpl.invoke0(Native Method)
at sun.reflect.NativeMethodAccessorImpl.invoke(Unknown Source)
at sun.reflect.DelegatingMethodAccessorImpl.invoke(Unknown Source)
at java.lang.reflect.Method.invoke(Unknown Source)
at org.testng.internal.MethodInvocationHelper.invokeMethod(MethodInvocationHelper.java:134)
at org.testng.internal.TestInvoker.invokeMethod(TestInvoker.java:597)
at org.testng.internal.TestInvoker.invokeTestMethod(TestInvoker.java:173)
at org.testng.internal.MethodRunner.runInSequence(MethodRunner.java:46)
at org.testng.internal.TestInvoker$MethodInvocationAgent.invoke(TestInvoker.java:816)
at org.testng.internal.TestInvoker.invokeTestMethods(TestInvoker.java:146)
at org.testng.internal.TestMethodWorker.invokeTestMethods(TestMethodWorker.java:146)
at org.testng.internal.TestMethodWorker.run(TestMethodWorker.java:128)
at java.util.ArrayList.forEach(Unknown Source)
at org.testng.TestRunner.privateRun(TestRunner.java:766)
at org.testng.TestRunner.run(TestRunner.java:587)
at org.testng.SuiteRunner.runTest(SuiteRunner.java:384)
at org.testng.SuiteRunner.runSequentially(SuiteRunner.java:378)
at org.testng.SuiteRunner.privateRun(SuiteRunner.java:337)
at org.testng.SuiteRunner.run(SuiteRunner.java:286)
at org.testng.SuiteRunnerWorker.runSuite(SuiteRunnerWorker.java:53)
at org.testng.SuiteRunnerWorker.run(SuiteRunnerWorker.java:96)
at org.testng.TestNG.runSuitesSequentially(TestNG.java:1187)
at org.testng.TestNG.runSuitesLocally(TestNG.java:1109)
at org.testng.TestNG.runSuites(TestNG.java:1039)
at org.testng.TestNG.run(TestNG.java:1007)
at org.testng.remote.AbstractRemoteTestNG.run(AbstractRemoteTestNG.java:115)
at org.testng.remote.RemoteTestNG.initAndRun(RemoteTestNG.java:251)
at org.testng.remote.RemoteTestNG.main(RemoteTestNG.java:77)
]]>
    </error>
  </testcase> <!-- test51 -->
  <system-out/>
  <testcase name="test11" time="0.718" classname="com.vn.VNDirect.RegisterTest"/>
  <system-out/>
  <testcase name="test31" time="0.605" classname="com.vn.VNDirect.RegisterTest"/>
  <system-out/>
  <testcase name="test49" time="1.102" classname="com.vn.VNDirect.RegisterTest"/>
  <system-out/>
  <testcase name="test42" time="0.427" classname="com.vn.VNDirect.RegisterTest"/>
  <system-out/>
  <testcase name="test05" time="0.606" classname="com.vn.VNDirect.RegisterTest"/>
  <system-out/>
  <testcase name="test43" time="0.337" classname="com.vn.VNDirect.RegisterTest"/>
  <system-out/>
  <testcase name="test70" time="0.923" classname="com.vn.VNDirect.RegisterTest"/>
  <system-out/>
  <testcase name="test36" time="0.967" classname="com.vn.VNDirect.RegisterTest">
    <error type="org.openqa.selenium.NoSuchElementException" message="no such element: Unable to locate element: {&quot;method&quot;:&quot;xpath&quot;,&quot;selector&quot;:&quot;/html/body/div[1]/div/div[2]/div/div/form/div[2]/div/div[4]/div[2]/div/div/span&quot;}
  (Session info: chrome=83.0.4103.106)
For documentation on this error, please visit: https://www.seleniumhq.org/exceptions/no_such_element.html
Build info: version: &#039;3.141.59&#039;, revision: &#039;e82be7d358&#039;, time: &#039;2018-11-14T08:17:03&#039;
System info: host: &#039;DESKTOP-U33STF4&#039;, ip: &#039;192.168.9.2&#039;, os.name: &#039;Windows 10&#039;, os.arch: &#039;amd64&#039;, os.version: &#039;10.0&#039;, java.version: &#039;1.8.0_212&#039;
Driver info: org.openqa.selenium.chrome.ChromeDriver
Capabilities {acceptInsecureCerts: false, browserName: chrome, browserVersion: 83.0.4103.106, chrome: {chromedriverVersion: 83.0.4103.39 (ccbf011cb2d2b..., userDataDir: C:\Users\SopenPC\AppData\Lo...}, goog:chromeOptions: {debuggerAddress: localhost:65233}, javascriptEnabled: true, networkConnectionEnabled: false, pageLoadStrategy: normal, platform: WINDOWS, platformName: WINDOWS, proxy: Proxy(), setWindowRect: true, strictFileInteractability: false, timeouts: {implicit: 0, pageLoad: 300000, script: 30000}, unhandledPromptBehavior: dismiss and notify, webauthn:virtualAuthenticators: true}
Session ID: 6bd8c83e513875187de2b2701a0d396b
*** Element info: {Using=xpath, value=/html/body/div[1]/div/div[2]/div/div/form/div[2]/div/div[4]/div[2]/div/div/span}">
      <![CDATA[org.openqa.selenium.NoSuchElementException: no such element: Unable to locate element: {"method":"xpath","selector":"/html/body/div[1]/div/div[2]/div/div/form/div[2]/div/div[4]/div[2]/div/div/span"}
  (Session info: chrome=83.0.4103.106)
For documentation on this error, please visit: https://www.seleniumhq.org/exceptions/no_such_element.html
Build info: version: '3.141.59', revision: 'e82be7d358', time: '2018-11-14T08:17:03'
System info: host: 'DESKTOP-U33STF4', ip: '192.168.9.2', os.name: 'Windows 10', os.arch: 'amd64', os.version: '10.0', java.version: '1.8.0_212'
Driver info: org.openqa.selenium.chrome.ChromeDriver
Capabilities {acceptInsecureCerts: false, browserName: chrome, browserVersion: 83.0.4103.106, chrome: {chromedriverVersion: 83.0.4103.39 (ccbf011cb2d2b..., userDataDir: C:\Users\SopenPC\AppData\Lo...}, goog:chromeOptions: {debuggerAddress: localhost:65233}, javascriptEnabled: true, networkConnectionEnabled: false, pageLoadStrategy: normal, platform: WINDOWS, platformName: WINDOWS, proxy: Proxy(), setWindowRect: true, strictFileInteractability: false, timeouts: {implicit: 0, pageLoad: 300000, script: 30000}, unhandledPromptBehavior: dismiss and notify, webauthn:virtualAuthenticators: true}
Session ID: 6bd8c83e513875187de2b2701a0d396b
*** Element info: {Using=xpath, value=/html/body/div[1]/div/div[2]/div/div/form/div[2]/div/div[4]/div[2]/div/div/span}
at sun.reflect.NativeConstructorAccessorImpl.newInstance0(Native Method)
at sun.reflect.NativeConstructorAccessorImpl.newInstance(Unknown Source)
at sun.reflect.DelegatingConstructorAccessorImpl.newInstance(Unknown Source)
at java.lang.reflect.Constructor.newInstance(Unknown Source)
at org.openqa.selenium.remote.http.W3CHttpResponseCodec.createException(W3CHttpResponseCodec.java:187)
at org.openqa.selenium.remote.http.W3CHttpResponseCodec.decode(W3CHttpResponseCodec.java:122)
at org.openqa.selenium.remote.http.W3CHttpResponseCodec.decode(W3CHttpResponseCodec.java:49)
at org.openqa.selenium.remote.HttpCommandExecutor.execute(HttpCommandExecutor.java:158)
at org.openqa.selenium.remote.service.DriverCommandExecutor.execute(DriverCommandExecutor.java:83)
at org.openqa.selenium.remote.RemoteWebDriver.execute(RemoteWebDriver.java:552)
at org.openqa.selenium.remote.RemoteWebDriver.findElement(RemoteWebDriver.java:323)
at org.openqa.selenium.remote.RemoteWebDriver.findElementByXPath(RemoteWebDriver.java:428)
at org.openqa.selenium.By$ByXPath.findElement(By.java:353)
at org.openqa.selenium.remote.RemoteWebDriver.findElement(RemoteWebDriver.java:315)
at com.vn.VNDirect.RegisterTest.test36(RegisterTest.java:855)
at sun.reflect.NativeMethodAccessorImpl.invoke0(Native Method)
at sun.reflect.NativeMethodAccessorImpl.invoke(Unknown Source)
at sun.reflect.DelegatingMethodAccessorImpl.invoke(Unknown Source)
at java.lang.reflect.Method.invoke(Unknown Source)
at org.testng.internal.MethodInvocationHelper.invokeMethod(MethodInvocationHelper.java:134)
at org.testng.internal.TestInvoker.invokeMethod(TestInvoker.java:597)
at org.testng.internal.TestInvoker.invokeTestMethod(TestInvoker.java:173)
at org.testng.internal.MethodRunner.runInSequence(MethodRunner.java:46)
at org.testng.internal.TestInvoker$MethodInvocationAgent.invoke(TestInvoker.java:816)
at org.testng.internal.TestInvoker.invokeTestMethods(TestInvoker.java:146)
at org.testng.internal.TestMethodWorker.invokeTestMethods(TestMethodWorker.java:146)
at org.testng.internal.TestMethodWorker.run(TestMethodWorker.java:128)
at java.util.ArrayList.forEach(Unknown Source)
at org.testng.TestRunner.privateRun(TestRunner.java:766)
at org.testng.TestRunner.run(TestRunner.java:587)
at org.testng.SuiteRunner.runTest(SuiteRunner.java:384)
at org.testng.SuiteRunner.runSequentially(SuiteRunner.java:378)
at org.testng.SuiteRunner.privateRun(SuiteRunner.java:337)
at org.testng.SuiteRunner.run(SuiteRunner.java:286)
at org.testng.SuiteRunnerWorker.runSuite(SuiteRunnerWorker.java:53)
at org.testng.SuiteRunnerWorker.run(SuiteRunnerWorker.java:96)
at org.testng.TestNG.runSuitesSequentially(TestNG.java:1187)
at org.testng.TestNG.runSuitesLocally(TestNG.java:1109)
at org.testng.TestNG.runSuites(TestNG.java:1039)
at org.testng.TestNG.run(TestNG.java:1007)
at org.testng.remote.AbstractRemoteTestNG.run(AbstractRemoteTestNG.java:115)
at org.testng.remote.RemoteTestNG.initAndRun(RemoteTestNG.java:251)
at org.testng.remote.RemoteTestNG.main(RemoteTestNG.java:77)
]]>
    </error>
  </testcase> <!-- test36 -->
  <system-out/>
  <testcase name="test29" time="0.397" classname="com.vn.VNDirect.RegisterTest"/>
  <system-out/>
  <testcase name="test02" time="1.587" classname="com.vn.VNDirect.RegisterTest"/>
  <system-out/>
  <testcase name="test54" time="0.788" classname="com.vn.VNDirect.RegisterTest"/>
  <system-out/>
  <testcase name="test39" time="0.769" classname="com.vn.VNDirect.RegisterTest"/>
  <system-out/>
  <testcase name="test18" time="0.945" classname="com.vn.VNDirect.RegisterTest"/>
  <system-out/>
  <testcase name="test22" time="0.735" classname="com.vn.VNDirect.RegisterTest"/>
  <system-out/>
  <testcase name="test67" time="0.818" classname="com.vn.VNDirect.RegisterTest"/>
  <system-out/>
  <testcase name="test24" time="0.661" classname="com.vn.VNDirect.RegisterTest"/>
  <system-out/>
  <testcase name="test40" time="0.604" classname="com.vn.VNDirect.RegisterTest"/>
  <system-out/>
  <testcase name="test09" time="0.454" classname="com.vn.VNDirect.RegisterTest"/>
  <system-out/>
  <testcase name="test20" time="0.783" classname="com.vn.VNDirect.RegisterTest"/>
  <system-out/>
  <testcase name="test44" time="0.583" classname="com.vn.VNDirect.RegisterTest"/>
  <system-out/>
  <testcase name="test15" time="1.161" classname="com.vn.VNDirect.RegisterTest"/>
  <system-out/>
  <testcase name="test50" time="0.828" classname="com.vn.VNDirect.RegisterTest"/>
  <system-out/>
  <testcase name="test41" time="0.530" classname="com.vn.VNDirect.RegisterTest"/>
  <system-out/>
  <testcase name="test08" time="0.615" classname="com.vn.VNDirect.RegisterTest"/>
  <system-out/>
  <testcase name="test14" time="1.170" classname="com.vn.VNDirect.RegisterTest"/>
  <system-out/>
  <testcase name="test61" time="0.775" classname="com.vn.VNDirect.RegisterTest"/>
  <system-out/>
  <testcase name="test06" time="0.453" classname="com.vn.VNDirect.RegisterTest"/>
  <system-out/>
  <testcase name="test48" time="0.882" classname="com.vn.VNDirect.RegisterTest"/>
  <system-out/>
  <testcase name="test10" time="0.617" classname="com.vn.VNDirect.RegisterTest"/>
  <system-out/>
  <testcase name="test27" time="0.572" classname="com.vn.VNDirect.RegisterTest"/>
  <system-out/>
  <testcase name="test34" time="0.713" classname="com.vn.VNDirect.RegisterTest"/>
  <system-out/>
  <testcase name="test57" time="0.720" classname="com.vn.VNDirect.RegisterTest"/>
  <system-out/>
  <testcase name="test63" time="1.010" classname="com.vn.VNDirect.RegisterTest"/>
  <system-out/>
  <testcase name="test38" time="0.879" classname="com.vn.VNDirect.RegisterTest"/>
  <system-out/>
  <testcase name="test46" time="0.810" classname="com.vn.VNDirect.RegisterTest"/>
  <system-out/>
  <testcase name="test60" time="0.925" classname="com.vn.VNDirect.RegisterTest"/>
  <system-out/>
  <testcase name="test37" time="0.578" classname="com.vn.VNDirect.RegisterTest"/>
  <system-out/>
  <testcase name="test45" time="0.665" classname="com.vn.VNDirect.RegisterTest"/>
  <system-out/>
  <testcase name="test32" time="0.849" classname="com.vn.VNDirect.RegisterTest"/>
  <system-out/>
  <testcase name="test07" time="0.367" classname="com.vn.VNDirect.RegisterTest"/>
  <system-out/>
  <testcase name="test03" time="0.833" classname="com.vn.VNDirect.RegisterTest"/>
  <system-out/>
  <testcase name="test62" time="0.803" classname="com.vn.VNDirect.RegisterTest"/>
  <system-out/>
  <testcase name="test59" time="0.616" classname="com.vn.VNDirect.RegisterTest"/>
  <system-out/>
  <testcase name="test16" time="0.819" classname="com.vn.VNDirect.RegisterTest"/>
  <system-out/>
  <testcase name="test64" time="0.537" classname="com.vn.VNDirect.RegisterTest"/>
  <system-out/>
  <testcase name="test58" time="0.745" classname="com.vn.VNDirect.RegisterTest"/>
  <system-out/>
  <testcase name="test68" time="0.716" classname="com.vn.VNDirect.RegisterTest"/>
  <system-out/>
  <testcase name="test66" time="0.807" classname="com.vn.VNDirect.RegisterTest"/>
  <system-out/>
  <testcase name="test47" time="0.802" classname="com.vn.VNDirect.RegisterTest"/>
  <system-out/>
  <testcase name="test12" time="0.826" classname="com.vn.VNDirect.RegisterTest"/>
  <system-out/>
  <testcase name="test52" time="0.899" classname="com.vn.VNDirect.RegisterTest">
    <error type="org.openqa.selenium.NoSuchElementException" message="no such element: Unable to locate element: {&quot;method&quot;:&quot;xpath&quot;,&quot;selector&quot;:&quot;/html/body/div[1]/div/div[2]/div/div/form/div[2]/div/div[2]/div/div/div/span&quot;}
  (Session info: chrome=83.0.4103.106)
For documentation on this error, please visit: https://www.seleniumhq.org/exceptions/no_such_element.html
Build info: version: &#039;3.141.59&#039;, revision: &#039;e82be7d358&#039;, time: &#039;2018-11-14T08:17:03&#039;
System info: host: &#039;DESKTOP-U33STF4&#039;, ip: &#039;192.168.9.2&#039;, os.name: &#039;Windows 10&#039;, os.arch: &#039;amd64&#039;, os.version: &#039;10.0&#039;, java.version: &#039;1.8.0_212&#039;
Driver info: org.openqa.selenium.chrome.ChromeDriver
Capabilities {acceptInsecureCerts: false, browserName: chrome, browserVersion: 83.0.4103.106, chrome: {chromedriverVersion: 83.0.4103.39 (ccbf011cb2d2b..., userDataDir: C:\Users\SopenPC\AppData\Lo...}, goog:chromeOptions: {debuggerAddress: localhost:65233}, javascriptEnabled: true, networkConnectionEnabled: false, pageLoadStrategy: normal, platform: WINDOWS, platformName: WINDOWS, proxy: Proxy(), setWindowRect: true, strictFileInteractability: false, timeouts: {implicit: 0, pageLoad: 300000, script: 30000}, unhandledPromptBehavior: dismiss and notify, webauthn:virtualAuthenticators: true}
Session ID: 6bd8c83e513875187de2b2701a0d396b
*** Element info: {Using=xpath, value=/html/body/div[1]/div/div[2]/div/div/form/div[2]/div/div[2]/div/div/div/span}">
      <![CDATA[org.openqa.selenium.NoSuchElementException: no such element: Unable to locate element: {"method":"xpath","selector":"/html/body/div[1]/div/div[2]/div/div/form/div[2]/div/div[2]/div/div/div/span"}
  (Session info: chrome=83.0.4103.106)
For documentation on this error, please visit: https://www.seleniumhq.org/exceptions/no_such_element.html
Build info: version: '3.141.59', revision: 'e82be7d358', time: '2018-11-14T08:17:03'
System info: host: 'DESKTOP-U33STF4', ip: '192.168.9.2', os.name: 'Windows 10', os.arch: 'amd64', os.version: '10.0', java.version: '1.8.0_212'
Driver info: org.openqa.selenium.chrome.ChromeDriver
Capabilities {acceptInsecureCerts: false, browserName: chrome, browserVersion: 83.0.4103.106, chrome: {chromedriverVersion: 83.0.4103.39 (ccbf011cb2d2b..., userDataDir: C:\Users\SopenPC\AppData\Lo...}, goog:chromeOptions: {debuggerAddress: localhost:65233}, javascriptEnabled: true, networkConnectionEnabled: false, pageLoadStrategy: normal, platform: WINDOWS, platformName: WINDOWS, proxy: Proxy(), setWindowRect: true, strictFileInteractability: false, timeouts: {implicit: 0, pageLoad: 300000, script: 30000}, unhandledPromptBehavior: dismiss and notify, webauthn:virtualAuthenticators: true}
Session ID: 6bd8c83e513875187de2b2701a0d396b
*** Element info: {Using=xpath, value=/html/body/div[1]/div/div[2]/div/div/form/div[2]/div/div[2]/div/div/div/span}
at sun.reflect.NativeConstructorAccessorImpl.newInstance0(Native Method)
at sun.reflect.NativeConstructorAccessorImpl.newInstance(Unknown Source)
at sun.reflect.DelegatingConstructorAccessorImpl.newInstance(Unknown Source)
at java.lang.reflect.Constructor.newInstance(Unknown Source)
at org.openqa.selenium.remote.http.W3CHttpResponseCodec.createException(W3CHttpResponseCodec.java:187)
at org.openqa.selenium.remote.http.W3CHttpResponseCodec.decode(W3CHttpResponseCodec.java:122)
at org.openqa.selenium.remote.http.W3CHttpResponseCodec.decode(W3CHttpResponseCodec.java:49)
at org.openqa.selenium.remote.HttpCommandExecutor.execute(HttpCommandExecutor.java:158)
at org.openqa.selenium.remote.service.DriverCommandExecutor.execute(DriverCommandExecutor.java:83)
at org.openqa.selenium.remote.RemoteWebDriver.execute(RemoteWebDriver.java:552)
at org.openqa.selenium.remote.RemoteWebDriver.findElement(RemoteWebDriver.java:323)
at org.openqa.selenium.remote.RemoteWebDriver.findElementByXPath(RemoteWebDriver.java:428)
at org.openqa.selenium.By$ByXPath.findElement(By.java:353)
at org.openqa.selenium.remote.RemoteWebDriver.findElement(RemoteWebDriver.java:315)
at com.vn.VNDirect.RegisterTest.test52(RegisterTest.java:1230)
at sun.reflect.NativeMethodAccessorImpl.invoke0(Native Method)
at sun.reflect.NativeMethodAccessorImpl.invoke(Unknown Source)
at sun.reflect.DelegatingMethodAccessorImpl.invoke(Unknown Source)
at java.lang.reflect.Method.invoke(Unknown Source)
at org.testng.internal.MethodInvocationHelper.invokeMethod(MethodInvocationHelper.java:134)
at org.testng.internal.TestInvoker.invokeMethod(TestInvoker.java:597)
at org.testng.internal.TestInvoker.invokeTestMethod(TestInvoker.java:173)
at org.testng.internal.MethodRunner.runInSequence(MethodRunner.java:46)
at org.testng.internal.TestInvoker$MethodInvocationAgent.invoke(TestInvoker.java:816)
at org.testng.internal.TestInvoker.invokeTestMethods(TestInvoker.java:146)
at org.testng.internal.TestMethodWorker.invokeTestMethods(TestMethodWorker.java:146)
at org.testng.internal.TestMethodWorker.run(TestMethodWorker.java:128)
at java.util.ArrayList.forEach(Unknown Source)
at org.testng.TestRunner.privateRun(TestRunner.java:766)
at org.testng.TestRunner.run(TestRunner.java:587)
at org.testng.SuiteRunner.runTest(SuiteRunner.java:384)
at org.testng.SuiteRunner.runSequentially(SuiteRunner.java:378)
at org.testng.SuiteRunner.privateRun(SuiteRunner.java:337)
at org.testng.SuiteRunner.run(SuiteRunner.java:286)
at org.testng.SuiteRunnerWorker.runSuite(SuiteRunnerWorker.java:53)
at org.testng.SuiteRunnerWorker.run(SuiteRunnerWorker.java:96)
at org.testng.TestNG.runSuitesSequentially(TestNG.java:1187)
at org.testng.TestNG.runSuitesLocally(TestNG.java:1109)
at org.testng.TestNG.runSuites(TestNG.java:1039)
at org.testng.TestNG.run(TestNG.java:1007)
at org.testng.remote.AbstractRemoteTestNG.run(AbstractRemoteTestNG.java:115)
at org.testng.remote.RemoteTestNG.initAndRun(RemoteTestNG.java:251)
at org.testng.remote.RemoteTestNG.main(RemoteTestNG.java:77)
]]>
    </error>
  </testcase> <!-- test52 -->
  <system-out/>
  <testcase name="test17" time="0.887" classname="com.vn.VNDirect.RegisterTest"/>
  <system-out/>
  <testcase name="test13" time="0.924" classname="com.vn.VNDirect.RegisterTest"/>
  <system-out/>
  <testcase name="test33" time="0.715" classname="com.vn.VNDirect.RegisterTest"/>
  <system-out/>
  <testcase name="test53" time="0.954" classname="com.vn.VNDirect.RegisterTest"/>
  <system-out/>
  <testcase name="test65" time="0.749" classname="com.vn.VNDirect.RegisterTest"/>
  <system-out/>
  <testcase name="test69" time="0.873" classname="com.vn.VNDirect.RegisterTest"/>
  <system-out/>
  <testcase name="test04" time="0.782" classname="com.vn.VNDirect.RegisterTest"/>
  <system-out/>
</testsuite> <!-- com.vn.VNDirect.RegisterTest -->
